{"C:\\ProyectoMarkdown\\cdmx-2018-01-FE-markdown\\index.js": {"path":"C:\\ProyectoMarkdown\\cdmx-2018-01-FE-markdown\\index.js","statementMap":{"0":{"start":{"line":1,"column":11},"end":{"line":1,"column":24}},"1":{"start":{"line":2,"column":13},"end":{"line":2,"column":28}},"2":{"start":{"line":3,"column":15},"end":{"line":3,"column":32}},"3":{"start":{"line":4,"column":14},"end":{"line":4,"column":35}},"4":{"start":{"line":7,"column":22},"end":{"line":12,"column":1}},"5":{"start":{"line":8,"column":2},"end":{"line":11,"column":22}},"6":{"start":{"line":9,"column":22},"end":{"line":9,"column":41}},"7":{"start":{"line":10,"column":4},"end":{"line":10,"column":23}},"8":{"start":{"line":11,"column":9},"end":{"line":11,"column":22}},"9":{"start":{"line":15,"column":17},"end":{"line":26,"column":1}},"10":{"start":{"line":16,"column":2},"end":{"line":25,"column":5}},"11":{"start":{"line":17,"column":4},"end":{"line":19,"column":5}},"12":{"start":{"line":18,"column":6},"end":{"line":18,"column":23}},"13":{"start":{"line":20,"column":25},"end":{"line":20,"column":27}},"14":{"start":{"line":21,"column":4},"end":{"line":23,"column":7}},"15":{"start":{"line":24,"column":4},"end":{"line":24,"column":30}},"16":{"start":{"line":29,"column":0},"end":{"line":42,"column":2}},"17":{"start":{"line":30,"column":12},"end":{"line":30,"column":14}},"18":{"start":{"line":31,"column":15},"end":{"line":31,"column":36}},"19":{"start":{"line":33,"column":2},"end":{"line":40,"column":4}},"20":{"start":{"line":34,"column":4},"end":{"line":37,"column":6}},"21":{"start":{"line":38,"column":4},"end":{"line":38,"column":27}},"22":{"start":{"line":39,"column":4},"end":{"line":39,"column":15}},"23":{"start":{"line":41,"column":2},"end":{"line":41,"column":16}},"24":{"start":{"line":44,"column":20},"end":{"line":64,"column":1}},"25":{"start":{"line":45,"column":19},"end":{"line":45,"column":21}},"26":{"start":{"line":46,"column":2},"end":{"line":57,"column":5}},"27":{"start":{"line":47,"column":4},"end":{"line":56,"column":8}},"28":{"start":{"line":48,"column":6},"end":{"line":55,"column":9}},"29":{"start":{"line":49,"column":8},"end":{"line":49,"column":36}},"30":{"start":{"line":50,"column":8},"end":{"line":50,"column":44}},"31":{"start":{"line":51,"column":8},"end":{"line":51,"column":25}},"32":{"start":{"line":53,"column":8},"end":{"line":53,"column":34}},"33":{"start":{"line":54,"column":8},"end":{"line":54,"column":25}},"34":{"start":{"line":59,"column":2},"end":{"line":63,"column":5}},"35":{"start":{"line":60,"column":4},"end":{"line":60,"column":24}},"36":{"start":{"line":62,"column":4},"end":{"line":62,"column":24}},"37":{"start":{"line":66,"column":0},"end":{"line":66,"column":24}},"38":{"start":{"line":67,"column":0},"end":{"line":70,"column":2}}},"fnMap":{"0":{"name":"(anonymous_0)","decl":{"start":{"line":7,"column":22},"end":{"line":7,"column":23}},"loc":{"start":{"line":7,"column":32},"end":{"line":12,"column":1}},"line":7},"1":{"name":"(anonymous_1)","decl":{"start":{"line":15,"column":17},"end":{"line":15,"column":18}},"loc":{"start":{"line":15,"column":31},"end":{"line":26,"column":1}},"line":15},"2":{"name":"(anonymous_2)","decl":{"start":{"line":16,"column":24},"end":{"line":16,"column":25}},"loc":{"start":{"line":16,"column":42},"end":{"line":25,"column":3}},"line":16},"3":{"name":"(anonymous_3)","decl":{"start":{"line":29,"column":10},"end":{"line":29,"column":11}},"loc":{"start":{"line":29,"column":33},"end":{"line":42,"column":1}},"line":29},"4":{"name":"(anonymous_4)","decl":{"start":{"line":33,"column":16},"end":{"line":33,"column":17}},"loc":{"start":{"line":33,"column":44},"end":{"line":40,"column":3}},"line":33},"5":{"name":"(anonymous_5)","decl":{"start":{"line":44,"column":20},"end":{"line":44,"column":21}},"loc":{"start":{"line":44,"column":31},"end":{"line":64,"column":1}},"line":44},"6":{"name":"(anonymous_6)","decl":{"start":{"line":46,"column":16},"end":{"line":46,"column":17}},"loc":{"start":{"line":46,"column":41},"end":{"line":57,"column":3}},"line":46},"7":{"name":"(anonymous_7)","decl":{"start":{"line":47,"column":32},"end":{"line":47,"column":33}},"loc":{"start":{"line":47,"column":53},"end":{"line":56,"column":5}},"line":47},"8":{"name":"(anonymous_8)","decl":{"start":{"line":48,"column":32},"end":{"line":48,"column":33}},"loc":{"start":{"line":48,"column":39},"end":{"line":52,"column":7}},"line":48},"9":{"name":"(anonymous_9)","decl":{"start":{"line":52,"column":15},"end":{"line":52,"column":16}},"loc":{"start":{"line":52,"column":22},"end":{"line":55,"column":7}},"line":52},"10":{"name":"(anonymous_10)","decl":{"start":{"line":59,"column":31},"end":{"line":59,"column":32}},"loc":{"start":{"line":59,"column":41},"end":{"line":61,"column":3}},"line":59},"11":{"name":"(anonymous_11)","decl":{"start":{"line":61,"column":11},"end":{"line":61,"column":12}},"loc":{"start":{"line":61,"column":21},"end":{"line":63,"column":3}},"line":61}},"branchMap":{"0":{"loc":{"start":{"line":8,"column":2},"end":{"line":11,"column":22}},"type":"if","locations":[{"start":{"line":8,"column":2},"end":{"line":11,"column":22}},{"start":{"line":8,"column":2},"end":{"line":11,"column":22}}],"line":8},"1":{"loc":{"start":{"line":17,"column":4},"end":{"line":19,"column":5}},"type":"if","locations":[{"start":{"line":17,"column":4},"end":{"line":19,"column":5}},{"start":{"line":17,"column":4},"end":{"line":19,"column":5}}],"line":17}},"s":{"0":1,"1":1,"2":1,"3":1,"4":1,"5":0,"6":0,"7":0,"8":0,"9":1,"10":1,"11":0,"12":0,"13":0,"14":0,"15":0,"16":1,"17":0,"18":0,"19":0,"20":0,"21":0,"22":0,"23":0,"24":1,"25":0,"26":0,"27":0,"28":0,"29":0,"30":0,"31":0,"32":0,"33":0,"34":0,"35":0,"36":0,"37":1,"38":1},"f":{"0":0,"1":1,"2":0,"3":0,"4":0,"5":0,"6":0,"7":0,"8":0,"9":0,"10":0,"11":0},"b":{"0":[0,0],"1":[0,0]},"_coverageSchema":"332fd63041d2c1bcb487cc26dd0d5f7d97098a6c","hash":"1cf5c6abd1d0dc4464c28d75e00b2213da19cd1a"}
}
