{"C:\\ProyectoMarkdown\\cdmx-2018-01-FE-markdown\\index.js": {"path":"C:\\ProyectoMarkdown\\cdmx-2018-01-FE-markdown\\index.js","statementMap":{"0":{"start":{"line":1,"column":11},"end":{"line":1,"column":24}},"1":{"start":{"line":2,"column":13},"end":{"line":2,"column":28}},"2":{"start":{"line":3,"column":15},"end":{"line":3,"column":32}},"3":{"start":{"line":6,"column":21},"end":{"line":11,"column":1}},"4":{"start":{"line":7,"column":2},"end":{"line":10,"column":22}},"5":{"start":{"line":8,"column":22},"end":{"line":8,"column":41}},"6":{"start":{"line":9,"column":4},"end":{"line":9,"column":23}},"7":{"start":{"line":10,"column":9},"end":{"line":10,"column":22}},"8":{"start":{"line":14,"column":17},"end":{"line":27,"column":1}},"9":{"start":{"line":15,"column":2},"end":{"line":26,"column":5}},"10":{"start":{"line":16,"column":4},"end":{"line":18,"column":5}},"11":{"start":{"line":17,"column":6},"end":{"line":17,"column":23}},"12":{"start":{"line":22,"column":4},"end":{"line":25,"column":7}},"13":{"start":{"line":30,"column":0},"end":{"line":42,"column":2}},"14":{"start":{"line":31,"column":16},"end":{"line":31,"column":18}},"15":{"start":{"line":32,"column":12},"end":{"line":32,"column":14}},"16":{"start":{"line":34,"column":15},"end":{"line":34,"column":36}},"17":{"start":{"line":35,"column":2},"end":{"line":40,"column":4}},"18":{"start":{"line":36,"column":4},"end":{"line":36,"column":36}},"19":{"start":{"line":37,"column":4},"end":{"line":37,"column":22}},"20":{"start":{"line":38,"column":4},"end":{"line":38,"column":25}},"21":{"start":{"line":41,"column":2},"end":{"line":41,"column":16}},"22":{"start":{"line":44,"column":0},"end":{"line":44,"column":24}},"23":{"start":{"line":46,"column":0},"end":{"line":46,"column":31}}},"fnMap":{"0":{"name":"(anonymous_0)","decl":{"start":{"line":6,"column":21},"end":{"line":6,"column":22}},"loc":{"start":{"line":6,"column":31},"end":{"line":11,"column":1}},"line":6},"1":{"name":"(anonymous_1)","decl":{"start":{"line":14,"column":17},"end":{"line":14,"column":18}},"loc":{"start":{"line":14,"column":31},"end":{"line":27,"column":1}},"line":14},"2":{"name":"(anonymous_2)","decl":{"start":{"line":15,"column":24},"end":{"line":15,"column":25}},"loc":{"start":{"line":15,"column":42},"end":{"line":26,"column":3}},"line":15},"3":{"name":"(anonymous_3)","decl":{"start":{"line":30,"column":10},"end":{"line":30,"column":11}},"loc":{"start":{"line":30,"column":21},"end":{"line":42,"column":1}},"line":30},"4":{"name":"(anonymous_4)","decl":{"start":{"line":35,"column":16},"end":{"line":35,"column":17}},"loc":{"start":{"line":35,"column":44},"end":{"line":40,"column":3}},"line":35}},"branchMap":{"0":{"loc":{"start":{"line":7,"column":2},"end":{"line":10,"column":22}},"type":"if","locations":[{"start":{"line":7,"column":2},"end":{"line":10,"column":22}},{"start":{"line":7,"column":2},"end":{"line":10,"column":22}}],"line":7},"1":{"loc":{"start":{"line":16,"column":4},"end":{"line":18,"column":5}},"type":"if","locations":[{"start":{"line":16,"column":4},"end":{"line":18,"column":5}},{"start":{"line":16,"column":4},"end":{"line":18,"column":5}}],"line":16}},"s":{"0":1,"1":1,"2":1,"3":1,"4":0,"5":0,"6":0,"7":0,"8":1,"9":1,"10":0,"11":0,"12":0,"13":1,"14":0,"15":0,"16":0,"17":0,"18":0,"19":0,"20":0,"21":0,"22":1,"23":1},"f":{"0":0,"1":1,"2":0,"3":0,"4":0},"b":{"0":[0,0],"1":[0,0]},"_coverageSchema":"332fd63041d2c1bcb487cc26dd0d5f7d97098a6c","hash":"5c90755e94c7b41542069f85109b05f1a30ead2c"}
}
