TN:
SF:C:\ProyectoMarkdown\cdmx-2018-01-FE-markdown\index.js
FN:7,validateRoute
FN:8,(anonymous_1)
FN:14,readFile
FN:15,(anonymous_3)
FN:16,(anonymous_4)
FN:25,convertMd
FN:26,(anonymous_6)
FN:35,(anonymous_7)
FN:38,(anonymous_8)
FN:49,validateUrl
FN:51,(anonymous_10)
FN:52,(anonymous_11)
FN:53,(anonymous_12)
FN:57,(anonymous_13)
FN:64,(anonymous_14)
FN:66,(anonymous_15)
FN:73,(anonymous_16)
FN:74,(anonymous_17)
FN:75,(anonymous_18)
FN:76,(anonymous_19)
FNF:20
FNH:5
FNDA:1,validateRoute
FNDA:1,(anonymous_1)
FNDA:1,readFile
FNDA:1,(anonymous_3)
FNDA:0,(anonymous_4)
FNDA:0,convertMd
FNDA:0,(anonymous_6)
FNDA:0,(anonymous_7)
FNDA:0,(anonymous_8)
FNDA:0,validateUrl
FNDA:0,(anonymous_10)
FNDA:0,(anonymous_11)
FNDA:0,(anonymous_12)
FNDA:0,(anonymous_13)
FNDA:0,(anonymous_14)
FNDA:0,(anonymous_15)
FNDA:1,(anonymous_16)
FNDA:0,(anonymous_17)
FNDA:0,(anonymous_18)
FNDA:0,(anonymous_19)
DA:1,1
DA:2,1
DA:3,1
DA:4,1
DA:8,1
DA:9,1
DA:15,1
DA:16,1
DA:17,0
DA:18,0
DA:20,0
DA:26,0
DA:27,0
DA:28,0
DA:31,0
DA:35,1
DA:36,0
DA:37,0
DA:38,0
DA:39,0
DA:43,0
DA:44,0
DA:46,0
DA:50,0
DA:51,0
DA:52,0
DA:53,0
DA:54,0
DA:55,0
DA:56,0
DA:58,0
DA:59,0
DA:64,0
DA:65,0
DA:67,0
DA:72,1
DA:73,1
DA:74,0
DA:75,0
DA:77,0
DA:81,1
LF:41
LH:12
BRDA:17,0,0,0
BRDA:17,0,1,0
BRF:2
BRH:0
end_of_record
